<?xml version="1.0" encoding="UTF-8"?>
<testng-results skipped="0" failed="1" ignored="0" total="1" passed="0">
  <reporter-output>
  </reporter-output>
  <suite name="Default suite" duration-ms="696321" started-at="2018-07-26T04:00:13Z" finished-at="2018-07-26T04:11:49Z">
    <groups>
    </groups>
    <test name="Default test" duration-ms="696321" started-at="2018-07-26T04:00:13Z" finished-at="2018-07-26T04:11:49Z">
      <class name="com.ebay.pages.test.OderConfirmationPageTest">
        <test-method status="PASS" signature="InitialSetup()[pri:0, instance:com.ebay.pages.test.OderConfirmationPageTest@69b0fd6f]" name="InitialSetup" is-config="true" duration-ms="211841" started-at="2018-07-26T04:00:13Z" finished-at="2018-07-26T04:03:45Z">
          <reporter-output>
          </reporter-output>
        </test-method> <!-- InitialSetup -->
        <test-method status="FAIL" signature="compareDetailsTest()[pri:0, instance:com.ebay.pages.test.OderConfirmationPageTest@69b0fd6f]" name="compareDetailsTest" duration-ms="473601" started-at="2018-07-26T04:03:45Z" finished-at="2018-07-26T04:11:39Z">
          <exception class="org.openqa.selenium.NoSuchElementException">
            <message>
              <![CDATA[An element could not be located on the page using the given search parameters.
For documentation on this error, please visit: http://seleniumhq.org/exceptions/no_such_element.html
Build info: version: '3.13.0', revision: '2f0d292', time: '2018-06-25T15:32:19.891Z'
System info: host: 'DESKTOP-49TFP33', ip: '192.168.1.101', os.name: 'Windows 10', os.arch: 'amd64', os.version: '10.0', java.version: '1.8.0_161'
Driver info: io.appium.java_client.android.AndroidDriver
Capabilities {appActivity: com.ebay.mobile.activities...., appPackage: com.ebay.mobile, databaseEnabled: false, desired: {appActivity: com.ebay.mobile.activities...., appPackage: com.ebay.mobile, deviceName: emulator, newCommandTimeout: 5000, noReset: true, platformName: android, platformVersion: 6.0, resetKeyboard: true, unicodeKeyboard: true}, deviceManufacturer: unknown, deviceModel: Android SDK built for x86_64, deviceName: emulator-5554, deviceScreenSize: 768x1280, deviceUDID: emulator-5554, javascriptEnabled: true, locationContextEnabled: false, networkConnectionEnabled: true, newCommandTimeout: 5000, noReset: true, platform: LINUX, platformName: Android, platformVersion: 6.0, resetKeyboard: true, takesScreenshot: true, unicodeKeyboard: true, warnings: {}, webStorageEnabled: false}
Session ID: 4f0be62c-fca0-4e69-ae13-090e27672722
*** Element info: {Using=-android uiautomator, value=new UiScrollable(new UiSelector()).scrollIntoView(new UiSelector().text("65 inch 4K UHD ANDROID SMART SAMSUNG PANEL 8GB LED TV +REPLACEMENT WARRANTY"));}]]>
            </message>
            <full-stacktrace>
              <![CDATA[org.openqa.selenium.NoSuchElementException: An element could not be located on the page using the given search parameters.
For documentation on this error, please visit: http://seleniumhq.org/exceptions/no_such_element.html
Build info: version: '3.13.0', revision: '2f0d292', time: '2018-06-25T15:32:19.891Z'
System info: host: 'DESKTOP-49TFP33', ip: '192.168.1.101', os.name: 'Windows 10', os.arch: 'amd64', os.version: '10.0', java.version: '1.8.0_161'
Driver info: io.appium.java_client.android.AndroidDriver
Capabilities {appActivity: com.ebay.mobile.activities...., appPackage: com.ebay.mobile, databaseEnabled: false, desired: {appActivity: com.ebay.mobile.activities...., appPackage: com.ebay.mobile, deviceName: emulator, newCommandTimeout: 5000, noReset: true, platformName: android, platformVersion: 6.0, resetKeyboard: true, unicodeKeyboard: true}, deviceManufacturer: unknown, deviceModel: Android SDK built for x86_64, deviceName: emulator-5554, deviceScreenSize: 768x1280, deviceUDID: emulator-5554, javascriptEnabled: true, locationContextEnabled: false, networkConnectionEnabled: true, newCommandTimeout: 5000, noReset: true, platform: LINUX, platformName: Android, platformVersion: 6.0, resetKeyboard: true, takesScreenshot: true, unicodeKeyboard: true, warnings: {}, webStorageEnabled: false}
Session ID: 4f0be62c-fca0-4e69-ae13-090e27672722
*** Element info: {Using=-android uiautomator, value=new UiScrollable(new UiSelector()).scrollIntoView(new UiSelector().text("65 inch 4K UHD ANDROID SMART SAMSUNG PANEL 8GB LED TV +REPLACEMENT WARRANTY"));}
at sun.reflect.NativeConstructorAccessorImpl.newInstance0(Native Method)
at sun.reflect.NativeConstructorAccessorImpl.newInstance(NativeConstructorAccessorImpl.java:62)
at sun.reflect.DelegatingConstructorAccessorImpl.newInstance(DelegatingConstructorAccessorImpl.java:45)
at java.lang.reflect.Constructor.newInstance(Constructor.java:423)
at org.openqa.selenium.remote.http.W3CHttpResponseCodec.createException(W3CHttpResponseCodec.java:187)
at org.openqa.selenium.remote.http.W3CHttpResponseCodec.decode(W3CHttpResponseCodec.java:122)
at org.openqa.selenium.remote.http.W3CHttpResponseCodec.decode(W3CHttpResponseCodec.java:49)
at org.openqa.selenium.remote.HttpCommandExecutor.execute(HttpCommandExecutor.java:158)
at io.appium.java_client.remote.AppiumCommandExecutor.execute(AppiumCommandExecutor.java:231)
at org.openqa.selenium.remote.RemoteWebDriver.execute(RemoteWebDriver.java:548)
at io.appium.java_client.DefaultGenericMobileDriver.execute(DefaultGenericMobileDriver.java:42)
at io.appium.java_client.AppiumDriver.execute(AppiumDriver.java:1)
at io.appium.java_client.android.AndroidDriver.execute(AndroidDriver.java:1)
at org.openqa.selenium.remote.RemoteWebDriver.findElement(RemoteWebDriver.java:322)
at io.appium.java_client.DefaultGenericMobileDriver.findElement(DefaultGenericMobileDriver.java:62)
at io.appium.java_client.AppiumDriver.findElement(AppiumDriver.java:1)
at io.appium.java_client.android.AndroidDriver.findElement(AndroidDriver.java:1)
at io.appium.java_client.FindsByAndroidUIAutomator.findElementByAndroidUIAutomator(FindsByAndroidUIAutomator.java:38)
at io.appium.java_client.MobileBy$ByAndroidUIAutomator.findElement(MobileBy.java:236)
at org.openqa.selenium.remote.RemoteWebDriver.findElement(RemoteWebDriver.java:314)
at io.appium.java_client.DefaultGenericMobileDriver.findElement(DefaultGenericMobileDriver.java:58)
at io.appium.java_client.AppiumDriver.findElement(AppiumDriver.java:1)
at io.appium.java_client.android.AndroidDriver.findElement(AndroidDriver.java:1)
at com.ebay.pages.OrderConfirmationPage.compareItemOrderDetails(OrderConfirmationPage.java:33)
at com.ebay.pages.test.OderConfirmationPageTest.compareDetailsTest(OderConfirmationPageTest.java:55)
at sun.reflect.NativeMethodAccessorImpl.invoke0(Native Method)
at sun.reflect.NativeMethodAccessorImpl.invoke(NativeMethodAccessorImpl.java:62)
at sun.reflect.DelegatingMethodAccessorImpl.invoke(DelegatingMethodAccessorImpl.java:43)
at java.lang.reflect.Method.invoke(Method.java:498)
at org.testng.internal.MethodInvocationHelper.invokeMethod(MethodInvocationHelper.java:124)
at org.testng.internal.Invoker.invokeMethod(Invoker.java:583)
at org.testng.internal.Invoker.invokeTestMethod(Invoker.java:719)
at org.testng.internal.Invoker.invokeTestMethods(Invoker.java:989)
at org.testng.internal.TestMethodWorker.invokeTestMethods(TestMethodWorker.java:125)
at org.testng.internal.TestMethodWorker.run(TestMethodWorker.java:109)
at org.testng.TestRunner.privateRun(TestRunner.java:648)
at org.testng.TestRunner.run(TestRunner.java:505)
at org.testng.SuiteRunner.runTest(SuiteRunner.java:455)
at org.testng.SuiteRunner.runSequentially(SuiteRunner.java:450)
at org.testng.SuiteRunner.privateRun(SuiteRunner.java:415)
at org.testng.SuiteRunner.run(SuiteRunner.java:364)
at org.testng.SuiteRunnerWorker.runSuite(SuiteRunnerWorker.java:52)
at org.testng.SuiteRunnerWorker.run(SuiteRunnerWorker.java:84)
at org.testng.TestNG.runSuitesSequentially(TestNG.java:1208)
at org.testng.TestNG.runSuitesLocally(TestNG.java:1137)
at org.testng.TestNG.runSuites(TestNG.java:1049)
at org.testng.TestNG.run(TestNG.java:1017)
at org.testng.remote.AbstractRemoteTestNG.run(AbstractRemoteTestNG.java:114)
at org.testng.remote.RemoteTestNG.initAndRun(RemoteTestNG.java:251)
at org.testng.remote.RemoteTestNG.main(RemoteTestNG.java:77)
]]>
            </full-stacktrace>
          </exception> <!-- org.openqa.selenium.NoSuchElementException -->
          <reporter-output>
          </reporter-output>
        </test-method> <!-- compareDetailsTest -->
        <test-method status="PASS" signature="tearDown()[pri:0, instance:com.ebay.pages.test.OderConfirmationPageTest@69b0fd6f]" name="tearDown" is-config="true" duration-ms="10815" started-at="2018-07-26T04:11:39Z" finished-at="2018-07-26T04:11:49Z">
          <reporter-output>
          </reporter-output>
        </test-method> <!-- tearDown -->
      </class> <!-- com.ebay.pages.test.OderConfirmationPageTest -->
    </test> <!-- Default test -->
  </suite> <!-- Default suite -->
</testng-results>
